GowinSynthesis start
Running parser ...
Analyzing Verilog file 'D:\docs\ostim\digital\gowin\simple_cpu\src\top.v'
Compiling module 'simple_cpu'("D:\docs\ostim\digital\gowin\simple_cpu\src\top.v":1)
Extracting RAM for identifier 'instruction_memory'("D:\docs\ostim\digital\gowin\simple_cpu\src\top.v":10)
WARN  (EX3791) : Expression size 7 truncated to fit in target size 6("D:\docs\ostim\digital\gowin\simple_cpu\src\top.v":53)
NOTE  (EX0101) : Current top module is "simple_cpu"
[5%] Running netlist conversion ...
Running device independent optimization ...
[10%] Optimizing Phase 0 completed
[15%] Optimizing Phase 1 completed
[25%] Optimizing Phase 2 completed
Running inference ...
[30%] Inferring Phase 0 completed
[40%] Inferring Phase 1 completed
[50%] Inferring Phase 2 completed
[55%] Inferring Phase 3 completed
Running technical mapping ...
[60%] Tech-Mapping Phase 0 completed
[65%] Tech-Mapping Phase 1 completed
[75%] Tech-Mapping Phase 2 completed
[80%] Tech-Mapping Phase 3 completed
[90%] Tech-Mapping Phase 4 completed
[95%] Generate netlist file "D:\docs\ostim\digital\gowin\simple_cpu\impl\gwsynthesis\simple_cpu.vg" completed
[100%] Generate report file "D:\docs\ostim\digital\gowin\simple_cpu\impl\gwsynthesis\simple_cpu_syn.rpt.html" completed
GowinSynthesis finish
