Reading netlist file: "D:\docs\ostim\digital\gowin\memory\impl\gwsynthesis\memory.vg"
Parsing netlist file "D:\docs\ostim\digital\gowin\memory\impl\gwsynthesis\memory.vg" completed
Processing netlist completed
Reading constraint file: "D:\docs\ostim\digital\gowin\memory\src\memory.cst"
Physical Constraint parsed completed
Running placement......
[10%] Placement Phase 0 completed
[20%] Placement Phase 1 completed
[30%] Placement Phase 2 completed
[50%] Placement Phase 3 completed
Running routing......
[60%] Routing Phase 0 completed
[70%] Routing Phase 1 completed
[80%] Routing Phase 2 completed
[90%] Routing Phase 3 completed
Running timing analysis......
[95%] Timing analysis completed
Placement and routing completed
Bitstream generation in progress......
Bitstream generation completed
Running power analysis......
[100%] Power analysis completed
Generate file "D:\docs\ostim\digital\gowin\memory\impl\pnr\memory.power.html" completed
Generate file "D:\docs\ostim\digital\gowin\memory\impl\pnr\memory.pin.html" completed
Generate file "D:\docs\ostim\digital\gowin\memory\impl\pnr\memory.rpt.html" completed
Generate file "D:\docs\ostim\digital\gowin\memory\impl\pnr\memory.rpt.txt" completed
Generate file "D:\docs\ostim\digital\gowin\memory\impl\pnr\memory.tr.html" completed
Sun Nov 17 22:45:43 2024

