Reading netlist file: "D:\docs\ostim\digital\gowin\shift_register\impl\gwsynthesis\shift_register.vg"
Parsing netlist file "D:\docs\ostim\digital\gowin\shift_register\impl\gwsynthesis\shift_register.vg" completed
Processing netlist completed
Reading constraint file: "D:\docs\ostim\digital\gowin\shift_register\src\shift_register.cst"
Physical Constraint parsed completed
Running placement......
[10%] Placement Phase 0 completed
[20%] Placement Phase 1 completed
[30%] Placement Phase 2 completed
[50%] Placement Phase 3 completed
Running routing......
[60%] Routing Phase 0 completed
[70%] Routing Phase 1 completed
[80%] Routing Phase 2 completed
[90%] Routing Phase 3 completed
Running timing analysis......
[95%] Timing analysis completed
Placement and routing completed
Bitstream generation in progress......
Bitstream generation completed
Running power analysis......
[100%] Power analysis completed
Generate file "D:\docs\ostim\digital\gowin\shift_register\impl\pnr\shift_register.power.html" completed
Generate file "D:\docs\ostim\digital\gowin\shift_register\impl\pnr\shift_register.pin.html" completed
Generate file "D:\docs\ostim\digital\gowin\shift_register\impl\pnr\shift_register.rpt.html" completed
Generate file "D:\docs\ostim\digital\gowin\shift_register\impl\pnr\shift_register.rpt.txt" completed
Generate file "D:\docs\ostim\digital\gowin\shift_register\impl\pnr\shift_register.tr.html" completed
Mon Nov 18 18:51:43 2024

