GowinSynthesis start
Running parser ...
Analyzing Verilog file 'D:\docs\ostim\digital\gowin\uart_simple\src\top.v.v'
Compiling module 'uart_tx'("D:\docs\ostim\digital\gowin\uart_simple\src\top.v.v":1)
WARN  (EX3780) : Using initial value of 'tx_data' since it is never assigned("D:\docs\ostim\digital\gowin\uart_simple\src\top.v.v":10)
WARN  (EX3791) : Expression size 17 truncated to fit in target size 16("D:\docs\ostim\digital\gowin\uart_simple\src\top.v.v":13)
WARN  (EX3791) : Expression size 5 truncated to fit in target size 4("D:\docs\ostim\digital\gowin\uart_simple\src\top.v.v":16)
NOTE  (EX0101) : Current top module is "uart_tx"
[5%] Running netlist conversion ...
Running device independent optimization ...
[10%] Optimizing Phase 0 completed
[15%] Optimizing Phase 1 completed
[25%] Optimizing Phase 2 completed
Running inference ...
[30%] Inferring Phase 0 completed
[40%] Inferring Phase 1 completed
[50%] Inferring Phase 2 completed
[55%] Inferring Phase 3 completed
Running technical mapping ...
[60%] Tech-Mapping Phase 0 completed
[65%] Tech-Mapping Phase 1 completed
[75%] Tech-Mapping Phase 2 completed
[80%] Tech-Mapping Phase 3 completed
[90%] Tech-Mapping Phase 4 completed
[95%] Generate netlist file "D:\docs\ostim\digital\gowin\uart_simple\impl\gwsynthesis\uart_simple.vg" completed
[100%] Generate report file "D:\docs\ostim\digital\gowin\uart_simple\impl\gwsynthesis\uart_simple_syn.rpt.html" completed
GowinSynthesis finish
