GowinSynthesis start
Running parser ...
Analyzing Verilog file 'D:\docs\ostim\digital\gowin\hdmi_senol\src\gowin_rpll\gowin_rpll.v'
Analyzing Verilog file 'D:\docs\ostim\digital\gowin\hdmi_senol\src\top.v'
Compiling module 'HDMI_test'("D:\docs\ostim\digital\gowin\hdmi_senol\src\top.v":1)
Compiling module 'Gowin_rPLL'("D:\docs\ostim\digital\gowin\hdmi_senol\src\gowin_rpll\gowin_rpll.v":10)
Compiling module 'TMDS_encoder'("D:\docs\ostim\digital\gowin\hdmi_senol\src\top.v":76)
NOTE  (EX0101) : Current top module is "HDMI_test"
[5%] Running netlist conversion ...
Running device independent optimization ...
[10%] Optimizing Phase 0 completed
[15%] Optimizing Phase 1 completed
[25%] Optimizing Phase 2 completed
Running inference ...
[30%] Inferring Phase 0 completed
[40%] Inferring Phase 1 completed
[50%] Inferring Phase 2 completed
[55%] Inferring Phase 3 completed
Running technical mapping ...
[60%] Tech-Mapping Phase 0 completed
[65%] Tech-Mapping Phase 1 completed
[75%] Tech-Mapping Phase 2 completed
[80%] Tech-Mapping Phase 3 completed
[90%] Tech-Mapping Phase 4 completed
[95%] Generate netlist file "D:\docs\ostim\digital\gowin\hdmi_senol\impl\gwsynthesis\hdmi_senol.vg" completed
[100%] Generate report file "D:\docs\ostim\digital\gowin\hdmi_senol\impl\gwsynthesis\hdmi_senol_syn.rpt.html" completed
GowinSynthesis finish
