Reading netlist file: "D:\docs\ostim\digital\gowin\2to4decoder\impl\gwsynthesis\2to4decoder.vg"
Parsing netlist file "D:\docs\ostim\digital\gowin\2to4decoder\impl\gwsynthesis\2to4decoder.vg" completed
Processing netlist completed
Reading constraint file: "D:\docs\ostim\digital\gowin\2to4decoder\src\2to4decoder.cst"
Physical Constraint parsed completed
Running placement......
[10%] Placement Phase 0 completed
[20%] Placement Phase 1 completed
[30%] Placement Phase 2 completed
[50%] Placement Phase 3 completed
Running routing......
[60%] Routing Phase 0 completed
[70%] Routing Phase 1 completed
[80%] Routing Phase 2 completed
[90%] Routing Phase 3 completed
Running timing analysis......
[95%] Timing analysis completed
Placement and routing completed
Bitstream generation in progress......
Bitstream generation completed
Running power analysis......
[100%] Power analysis completed
Generate file "D:\docs\ostim\digital\gowin\2to4decoder\impl\pnr\2to4decoder.power.html" completed
Generate file "D:\docs\ostim\digital\gowin\2to4decoder\impl\pnr\2to4decoder.pin.html" completed
Generate file "D:\docs\ostim\digital\gowin\2to4decoder\impl\pnr\2to4decoder.rpt.html" completed
Generate file "D:\docs\ostim\digital\gowin\2to4decoder\impl\pnr\2to4decoder.rpt.txt" completed
Generate file "D:\docs\ostim\digital\gowin\2to4decoder\impl\pnr\2to4decoder.tr.html" completed
Mon Nov 18 21:54:48 2024

