Reading netlist file: "D:\docs\ostim\digital\gowin\counter_reset\impl\gwsynthesis\counter_reset.vg"
Parsing netlist file "D:\docs\ostim\digital\gowin\counter_reset\impl\gwsynthesis\counter_reset.vg" completed
Processing netlist completed
Reading constraint file: "D:\docs\ostim\digital\gowin\counter_reset\src\counter_reset.cst"
Physical Constraint parsed completed
Running placement......
[10%] Placement Phase 0 completed
[20%] Placement Phase 1 completed
[30%] Placement Phase 2 completed
[50%] Placement Phase 3 completed
Running routing......
[60%] Routing Phase 0 completed
[70%] Routing Phase 1 completed
[80%] Routing Phase 2 completed
[90%] Routing Phase 3 completed
Running timing analysis......
[95%] Timing analysis completed
Placement and routing completed
Bitstream generation in progress......
Bitstream generation completed
Running power analysis......
[100%] Power analysis completed
Generate file "D:\docs\ostim\digital\gowin\counter_reset\impl\pnr\counter_reset.power.html" completed
Generate file "D:\docs\ostim\digital\gowin\counter_reset\impl\pnr\counter_reset.pin.html" completed
Generate file "D:\docs\ostim\digital\gowin\counter_reset\impl\pnr\counter_reset.rpt.html" completed
Generate file "D:\docs\ostim\digital\gowin\counter_reset\impl\pnr\counter_reset.rpt.txt" completed
Generate file "D:\docs\ostim\digital\gowin\counter_reset\impl\pnr\counter_reset.tr.html" completed
Sun Nov 17 22:13:05 2024

