GowinSynthesis start
Running parser ...
Analyzing Verilog file 'D:\docs\ostim\digital\gowin\memory\src\memory.v'
Compiling module 'memory_example'("D:\docs\ostim\digital\gowin\memory\src\memory.v":1)
Extracting RAM for identifier 'Mem'("D:\docs\ostim\digital\gowin\memory\src\memory.v":9)
NOTE  (EX0101) : Current top module is "memory_example"
[5%] Running netlist conversion ...
Running device independent optimization ...
[10%] Optimizing Phase 0 completed
[15%] Optimizing Phase 1 completed
[25%] Optimizing Phase 2 completed
Running inference ...
[30%] Inferring Phase 0 completed
[40%] Inferring Phase 1 completed
[50%] Inferring Phase 2 completed
[55%] Inferring Phase 3 completed
Running technical mapping ...
[60%] Tech-Mapping Phase 0 completed
[65%] Tech-Mapping Phase 1 completed
[75%] Tech-Mapping Phase 2 completed
[80%] Tech-Mapping Phase 3 completed
[90%] Tech-Mapping Phase 4 completed
[95%] Generate netlist file "D:\docs\ostim\digital\gowin\memory\impl\gwsynthesis\memory.vg" completed
[100%] Generate report file "D:\docs\ostim\digital\gowin\memory\impl\gwsynthesis\memory_syn.rpt.html" completed
GowinSynthesis finish
