Reading netlist file: "D:\docs\ostim\digital\gowin\if_else\impl\gwsynthesis\if_else.vg"
Parsing netlist file "D:\docs\ostim\digital\gowin\if_else\impl\gwsynthesis\if_else.vg" completed
Processing netlist completed
Reading constraint file: "D:\docs\ostim\digital\gowin\if_else\src\if_else.cst"
Physical Constraint parsed completed
Running placement......
[10%] Placement Phase 0 completed
[20%] Placement Phase 1 completed
[30%] Placement Phase 2 completed
[50%] Placement Phase 3 completed
Running routing......
[60%] Routing Phase 0 completed
[70%] Routing Phase 1 completed
[80%] Routing Phase 2 completed
[90%] Routing Phase 3 completed
Running timing analysis......
[95%] Timing analysis completed
Placement and routing completed
Bitstream generation in progress......
Bitstream generation completed
Running power analysis......
[100%] Power analysis completed
Generate file "D:\docs\ostim\digital\gowin\if_else\impl\pnr\if_else.power.html" completed
Generate file "D:\docs\ostim\digital\gowin\if_else\impl\pnr\if_else.pin.html" completed
Generate file "D:\docs\ostim\digital\gowin\if_else\impl\pnr\if_else.rpt.html" completed
Generate file "D:\docs\ostim\digital\gowin\if_else\impl\pnr\if_else.rpt.txt" completed
Generate file "D:\docs\ostim\digital\gowin\if_else\impl\pnr\if_else.tr.html" completed
Fri Oct 25 23:02:41 2024

