Reading netlist file: "D:\docs\ostim\digital\gowin\blinled_v3\impl\gwsynthesis\blinled_v3.vg"
Parsing netlist file "D:\docs\ostim\digital\gowin\blinled_v3\impl\gwsynthesis\blinled_v3.vg" completed
Processing netlist completed
Reading constraint file: "D:\docs\ostim\digital\gowin\blinled_v3\src\blinled_v3.cst"
Physical Constraint parsed completed
Running placement......
[10%] Placement Phase 0 completed
[20%] Placement Phase 1 completed
[30%] Placement Phase 2 completed
[50%] Placement Phase 3 completed
Running routing......
[60%] Routing Phase 0 completed
[70%] Routing Phase 1 completed
[80%] Routing Phase 2 completed
[90%] Routing Phase 3 completed
Running timing analysis......
[95%] Timing analysis completed
Placement and routing completed
Bitstream generation in progress......
Bitstream generation completed
Running power analysis......
[100%] Power analysis completed
Generate file "D:\docs\ostim\digital\gowin\blinled_v3\impl\pnr\blinled_v3.power.html" completed
Generate file "D:\docs\ostim\digital\gowin\blinled_v3\impl\pnr\blinled_v3.pin.html" completed
Generate file "D:\docs\ostim\digital\gowin\blinled_v3\impl\pnr\blinled_v3.rpt.html" completed
Generate file "D:\docs\ostim\digital\gowin\blinled_v3\impl\pnr\blinled_v3.rpt.txt" completed
Generate file "D:\docs\ostim\digital\gowin\blinled_v3\impl\pnr\blinled_v3.tr.html" completed
Tue Dec  3 13:26:28 2024

