Reading netlist file: "D:\docs\ostim\digital\gowin\hdmi_senol\impl\gwsynthesis\hdmi_senol.vg"
Parsing netlist file "D:\docs\ostim\digital\gowin\hdmi_senol\impl\gwsynthesis\hdmi_senol.vg" completed
Processing netlist completed
Reading constraint file: "D:\docs\ostim\digital\gowin\hdmi_senol\src\hdmi_senol.cst"
Physical Constraint parsed completed
Running placement......
[10%] Placement Phase 0 completed
[20%] Placement Phase 1 completed
[30%] Placement Phase 2 completed
[50%] Placement Phase 3 completed
Running routing......
[60%] Routing Phase 0 completed
[70%] Routing Phase 1 completed
[80%] Routing Phase 2 completed
[90%] Routing Phase 3 completed
Running timing analysis......
[95%] Timing analysis completed
Placement and routing completed
Bitstream generation in progress......
Bitstream generation completed
Running power analysis......
[100%] Power analysis completed
Generate file "D:\docs\ostim\digital\gowin\hdmi_senol\impl\pnr\hdmi_senol.power.html" completed
Generate file "D:\docs\ostim\digital\gowin\hdmi_senol\impl\pnr\hdmi_senol.pin.html" completed
Generate file "D:\docs\ostim\digital\gowin\hdmi_senol\impl\pnr\hdmi_senol.rpt.html" completed
Generate file "D:\docs\ostim\digital\gowin\hdmi_senol\impl\pnr\hdmi_senol.rpt.txt" completed
Generate file "D:\docs\ostim\digital\gowin\hdmi_senol\impl\pnr\hdmi_senol.tr.html" completed
Tue Nov 12 19:54:53 2024

