Reading netlist file: "D:\docs\ostim\digital\gowin\uart_simple\impl\gwsynthesis\uart_simple.vg"
Parsing netlist file "D:\docs\ostim\digital\gowin\uart_simple\impl\gwsynthesis\uart_simple.vg" completed
Processing netlist completed
Reading constraint file: "D:\docs\ostim\digital\gowin\uart_simple\src\uart_simple.cst"
Physical Constraint parsed completed
Running placement......
[10%] Placement Phase 0 completed
[20%] Placement Phase 1 completed
[30%] Placement Phase 2 completed
[50%] Placement Phase 3 completed
Running routing......
[60%] Routing Phase 0 completed
[70%] Routing Phase 1 completed
[80%] Routing Phase 2 completed
[90%] Routing Phase 3 completed
Running timing analysis......
[95%] Timing analysis completed
Placement and routing completed
Bitstream generation in progress......
Bitstream generation completed
Running power analysis......
[100%] Power analysis completed
Generate file "D:\docs\ostim\digital\gowin\uart_simple\impl\pnr\uart_simple.power.html" completed
Generate file "D:\docs\ostim\digital\gowin\uart_simple\impl\pnr\uart_simple.pin.html" completed
Generate file "D:\docs\ostim\digital\gowin\uart_simple\impl\pnr\uart_simple.rpt.html" completed
Generate file "D:\docs\ostim\digital\gowin\uart_simple\impl\pnr\uart_simple.rpt.txt" completed
Generate file "D:\docs\ostim\digital\gowin\uart_simple\impl\pnr\uart_simple.tr.html" completed
Tue Dec  3 15:14:03 2024

