GowinSynthesis start
Running parser ...
Analyzing Verilog file 'D:\docs\ostim\digital\gowin\pwm\src\top.v'
Compiling module 'pwm_generator'("D:\docs\ostim\digital\gowin\pwm\src\top.v":1)
WARN  (EX3780) : Using initial value of 'max_count' since it is never assigned("D:\docs\ostim\digital\gowin\pwm\src\top.v":12)
WARN  (EX3791) : Expression size 21 truncated to fit in target size 20("D:\docs\ostim\digital\gowin\pwm\src\top.v":24)
WARN  (EX3791) : Expression size 21 truncated to fit in target size 20("D:\docs\ostim\digital\gowin\pwm\src\top.v":39)
WARN  (EX3791) : Expression size 32 truncated to fit in target size 20("D:\docs\ostim\digital\gowin\pwm\src\top.v":48)
WARN  (EX1998) : Net 'duty_cycle[1]' does not have a driver("D:\docs\ostim\digital\gowin\pwm\src\top.v":11)
NOTE  (EX0101) : Current top module is "pwm_generator"
[5%] Running netlist conversion ...
WARN  (CV0016) : Input button3 is unused("D:\docs\ostim\digital\gowin\pwm\src\top.v":5)
Running device independent optimization ...
[10%] Optimizing Phase 0 completed
[15%] Optimizing Phase 1 completed
[25%] Optimizing Phase 2 completed
Running inference ...
[30%] Inferring Phase 0 completed
[40%] Inferring Phase 1 completed
[50%] Inferring Phase 2 completed
[55%] Inferring Phase 3 completed
Running technical mapping ...
[60%] Tech-Mapping Phase 0 completed
[65%] Tech-Mapping Phase 1 completed
[75%] Tech-Mapping Phase 2 completed
[80%] Tech-Mapping Phase 3 completed
[90%] Tech-Mapping Phase 4 completed
[95%] Generate netlist file "D:\docs\ostim\digital\gowin\pwm\impl\gwsynthesis\pwm.vg" completed
[100%] Generate report file "D:\docs\ostim\digital\gowin\pwm\impl\gwsynthesis\pwm_syn.rpt.html" completed
GowinSynthesis finish
