Reading netlist file: "D:\docs\ostim\digital\gowin\clk_out\impl\gwsynthesis\clk_out.vg"
Parsing netlist file "D:\docs\ostim\digital\gowin\clk_out\impl\gwsynthesis\clk_out.vg" completed
Processing netlist completed
Reading constraint file: "D:\docs\ostim\digital\gowin\clk_out\src\clk_out.cst"
Physical Constraint parsed completed
Running placement......
[10%] Placement Phase 0 completed
[20%] Placement Phase 1 completed
[30%] Placement Phase 2 completed
[50%] Placement Phase 3 completed
Running routing......
[60%] Routing Phase 0 completed
[70%] Routing Phase 1 completed
[80%] Routing Phase 2 completed
[90%] Routing Phase 3 completed
Running timing analysis......
[95%] Timing analysis completed
Placement and routing completed
Bitstream generation in progress......
Bitstream generation completed
Running power analysis......
[100%] Power analysis completed
Generate file "D:\docs\ostim\digital\gowin\clk_out\impl\pnr\clk_out.power.html" completed
Generate file "D:\docs\ostim\digital\gowin\clk_out\impl\pnr\clk_out.pin.html" completed
Generate file "D:\docs\ostim\digital\gowin\clk_out\impl\pnr\clk_out.rpt.html" completed
Generate file "D:\docs\ostim\digital\gowin\clk_out\impl\pnr\clk_out.rpt.txt" completed
Generate file "D:\docs\ostim\digital\gowin\clk_out\impl\pnr\clk_out.tr.html" completed
Sun Nov 17 20:57:43 2024

