Reading netlist file: "D:\docs\ostim\digital\gowin\half_adder\impl\gwsynthesis\half_adder.vg"
Parsing netlist file "D:\docs\ostim\digital\gowin\half_adder\impl\gwsynthesis\half_adder.vg" completed
Processing netlist completed
Reading constraint file: "D:\docs\ostim\digital\gowin\half_adder\src\half_adder.cst"
Physical Constraint parsed completed
Running placement......
[10%] Placement Phase 0 completed
[20%] Placement Phase 1 completed
[30%] Placement Phase 2 completed
[50%] Placement Phase 3 completed
Running routing......
[60%] Routing Phase 0 completed
[70%] Routing Phase 1 completed
[80%] Routing Phase 2 completed
[90%] Routing Phase 3 completed
Running timing analysis......
[95%] Timing analysis completed
Placement and routing completed
Bitstream generation in progress......
Bitstream generation completed
Running power analysis......
[100%] Power analysis completed
Generate file "D:\docs\ostim\digital\gowin\half_adder\impl\pnr\half_adder.power.html" completed
Generate file "D:\docs\ostim\digital\gowin\half_adder\impl\pnr\half_adder.pin.html" completed
Generate file "D:\docs\ostim\digital\gowin\half_adder\impl\pnr\half_adder.rpt.html" completed
Generate file "D:\docs\ostim\digital\gowin\half_adder\impl\pnr\half_adder.rpt.txt" completed
Generate file "D:\docs\ostim\digital\gowin\half_adder\impl\pnr\half_adder.tr.html" completed
Fri Oct 25 22:56:06 2024

